Flow report for behavioural_logic
Fri Apr 26 14:51:21 2019
Quartus II Version 8.0 Build 215 05/29/2008 SJ Full Version


---------------------
; Table of Contents ;
---------------------
  1. Legal Notice
  2. Flow Summary
  3. Flow Settings
  4. Flow Non-Default Global Settings
  5. Flow Elapsed Time
  6. Flow Log



----------------
; Legal Notice ;
----------------
Copyright (C) 1991-2008 Altera Corporation
Your use of Altera Corporation's design tools, logic functions 
and other software and tools, and its AMPP partner logic 
functions, and any output files from any of the foregoing 
(including device programming or simulation files), and any 
associated documentation or information are expressly subject 
to the terms and conditions of the Altera Program License 
Subscription Agreement, Altera MegaCore Function License 
Agreement, or other applicable license agreement, including, 
without limitation, that your use is for the sole purpose of 
programming logic devices manufactured by Altera and sold by 
Altera or its authorized distributors.  Please refer to the 
applicable agreement for further details.



+---------------------------------------------------------------------+
; Flow Summary                                                        ;
+--------------------------+------------------------------------------+
; Flow Status              ; Successful - Fri Apr 26 14:51:21 2019    ;
; Quartus II Version       ; 8.0 Build 215 05/29/2008 SJ Full Version ;
; Revision Name            ; behavioural_logic                        ;
; Top-level Entity Name    ; behavioural_logic                        ;
; Family                   ; Cyclone                                  ;
; Device                   ; EP1C20F400C7                             ;
; Timing Models            ; Final                                    ;
; Met timing requirements  ; Yes                                      ;
; Total logic elements     ; 32 / 20,060 ( < 1 % )                    ;
; Total pins               ; 50 / 301 ( 17 % )                        ;
; Total virtual pins       ; 0                                        ;
; Total memory bits        ; 0 / 294,912 ( 0 % )                      ;
; DSP block 9-bit elements ; N/A until Partition Merge                ;
; Total PLLs               ; 0 / 2 ( 0 % )                            ;
; Total DLLs               ; N/A until Partition Merge                ;
+--------------------------+------------------------------------------+


+-----------------------------------------+
; Flow Settings                           ;
+-------------------+---------------------+
; Option            ; Setting             ;
+-------------------+---------------------+
; Start date & time ; 04/26/2019 14:51:07 ;
; Main task         ; Compilation         ;
; Revision Name     ; behavioural_logic   ;
+-------------------+---------------------+


+----------------------------------------------------------------------------------------------------------------+
; Flow Non-Default Global Settings                                                                               ;
+------------------------------------+--------------------------------+---------------+-------------+------------+
; Assignment Name                    ; Value                          ; Default Value ; Entity Name ; Section Id ;
+------------------------------------+--------------------------------+---------------+-------------+------------+
; COMPILER_SIGNATURE_ID              ; 53447168437300.155628666714780 ; --            ; --          ; --         ;
; PARTITION_COLOR                    ; 14622752                       ; --            ; --          ; Top        ;
; PARTITION_NETLIST_TYPE             ; SOURCE                         ; --            ; --          ; Top        ;
; USE_GENERATED_PHYSICAL_CONSTRAINTS ; Off                            ; --            ; --          ; eda_palace ;
+------------------------------------+--------------------------------+---------------+-------------+------------+


+-----------------------------------------------------------------------------------------------------------------------------+
; Flow Elapsed Time                                                                                                           ;
+-------------------------+--------------+-------------------------+---------------------+------------------------------------+
; Module Name             ; Elapsed Time ; Average Processors Used ; Peak Virtual Memory ; Total CPU Time (on all processors) ;
+-------------------------+--------------+-------------------------+---------------------+------------------------------------+
; Analysis & Synthesis    ; 00:00:03     ; 1.0                     ; 268 MB              ; 00:00:01                           ;
; Fitter                  ; 00:00:02     ; 1.0                     ; 313 MB              ; 00:00:01                           ;
; Assembler               ; 00:00:02     ; 1.0                     ; 263 MB              ; 00:00:01                           ;
; Classic Timing Analyzer ; 00:00:01     ; 1.0                     ; 196 MB              ; 00:00:00                           ;
; Total                   ; 00:00:08     ; --                      ; --                  ; 00:00:03                           ;
+-------------------------+--------------+-------------------------+---------------------+------------------------------------+


------------
; Flow Log ;
------------
quartus_map --read_settings_files=on --write_settings_files=off 16_bit_RCA -c behavioural_logic
quartus_fit --read_settings_files=off --write_settings_files=off 16_bit_RCA -c behavioural_logic
quartus_asm --read_settings_files=off --write_settings_files=off 16_bit_RCA -c behavioural_logic
quartus_tan --read_settings_files=off --write_settings_files=off 16_bit_RCA -c behavioural_logic --timing_analysis_only



